{"/Users/andrei.sukhomozgii/Workspace/js-patterns-mc-assignment/data.js": {"path":"/Users/andrei.sukhomozgii/Workspace/js-patterns-mc-assignment/data.js","all":false,"statementMap":{"0":{"start":{"line":1,"column":0},"end":{"line":1,"column":63}},"1":{"start":{"line":2,"column":0},"end":{"line":2,"column":35}},"3":{"start":{"line":4,"column":0},"end":{"line":4,"column":63}},"4":{"start":{"line":5,"column":0},"end":{"line":5,"column":32}},"5":{"start":{"line":6,"column":0},"end":{"line":6,"column":31}},"7":{"start":{"line":8,"column":0},"end":{"line":8,"column":57}},"8":{"start":{"line":9,"column":0},"end":{"line":9,"column":33}},"9":{"start":{"line":10,"column":0},"end":{"line":10,"column":31}},"10":{"start":{"line":11,"column":0},"end":{"line":11,"column":33}},"11":{"start":{"line":12,"column":0},"end":{"line":12,"column":34}},"12":{"start":{"line":13,"column":0},"end":{"line":13,"column":30}},"13":{"start":{"line":14,"column":0},"end":{"line":14,"column":35}},"14":{"start":{"line":15,"column":0},"end":{"line":15,"column":36}},"15":{"start":{"line":16,"column":0},"end":{"line":16,"column":39}},"16":{"start":{"line":17,"column":0},"end":{"line":17,"column":45}},"17":{"start":{"line":18,"column":0},"end":{"line":18,"column":36}}},"s":{"0":1,"1":1,"3":1,"4":1,"5":1,"7":1,"8":1,"9":1,"10":1,"11":1,"12":1,"13":1,"14":1,"15":1,"16":1,"17":1},"branchMap":{},"b":{},"fnMap":{},"f":{}}
,"/Users/andrei.sukhomozgii/Workspace/js-patterns-mc-assignment/index.js": {"path":"/Users/andrei.sukhomozgii/Workspace/js-patterns-mc-assignment/index.js","all":false,"statementMap":{"1":{"start":{"line":2,"column":0},"end":{"line":2,"column":33}},"3":{"start":{"line":4,"column":0},"end":{"line":4,"column":66}},"5":{"start":{"line":6,"column":0},"end":{"line":6,"column":15}},"6":{"start":{"line":7,"column":0},"end":{"line":7,"column":75}},"7":{"start":{"line":8,"column":0},"end":{"line":8,"column":29}},"8":{"start":{"line":9,"column":0},"end":{"line":9,"column":48}},"9":{"start":{"line":10,"column":0},"end":{"line":10,"column":12}},"10":{"start":{"line":11,"column":0},"end":{"line":11,"column":34}},"11":{"start":{"line":12,"column":0},"end":{"line":12,"column":64}},"12":{"start":{"line":13,"column":0},"end":{"line":13,"column":6}},"13":{"start":{"line":14,"column":0},"end":{"line":14,"column":2}},"15":{"start":{"line":16,"column":0},"end":{"line":16,"column":18}},"16":{"start":{"line":17,"column":0},"end":{"line":17,"column":38}},"17":{"start":{"line":18,"column":0},"end":{"line":18,"column":50}},"18":{"start":{"line":19,"column":0},"end":{"line":19,"column":52}},"20":{"start":{"line":21,"column":0},"end":{"line":21,"column":12}},"21":{"start":{"line":22,"column":0},"end":{"line":22,"column":15}},"22":{"start":{"line":23,"column":0},"end":{"line":23,"column":57}},"23":{"start":{"line":24,"column":0},"end":{"line":24,"column":6}},"24":{"start":{"line":25,"column":0},"end":{"line":25,"column":2}},"26":{"start":{"line":27,"column":0},"end":{"line":27,"column":17}},"27":{"start":{"line":28,"column":0},"end":{"line":28,"column":35}},"28":{"start":{"line":29,"column":0},"end":{"line":29,"column":30}},"29":{"start":{"line":30,"column":0},"end":{"line":30,"column":40}},"30":{"start":{"line":31,"column":0},"end":{"line":31,"column":39}},"31":{"start":{"line":32,"column":0},"end":{"line":32,"column":39}},"32":{"start":{"line":33,"column":0},"end":{"line":33,"column":29}},"34":{"start":{"line":35,"column":0},"end":{"line":35,"column":13}},"35":{"start":{"line":36,"column":0},"end":{"line":36,"column":2}},"37":{"start":{"line":38,"column":0},"end":{"line":38,"column":48}},"38":{"start":{"line":39,"column":0},"end":{"line":39,"column":25}},"39":{"start":{"line":40,"column":0},"end":{"line":40,"column":39}},"40":{"start":{"line":41,"column":0},"end":{"line":41,"column":15}},"41":{"start":{"line":42,"column":0},"end":{"line":42,"column":5}},"43":{"start":{"line":44,"column":0},"end":{"line":44,"column":41}},"45":{"start":{"line":46,"column":0},"end":{"line":46,"column":43}},"47":{"start":{"line":48,"column":0},"end":{"line":48,"column":60}},"48":{"start":{"line":49,"column":0},"end":{"line":49,"column":29}},"49":{"start":{"line":50,"column":0},"end":{"line":50,"column":43}},"50":{"start":{"line":51,"column":0},"end":{"line":51,"column":5}},"51":{"start":{"line":52,"column":0},"end":{"line":52,"column":2}},"53":{"start":{"line":54,"column":0},"end":{"line":54,"column":52}}},"s":{"1":1,"3":1,"5":1,"6":1,"7":1,"8":3,"9":3,"10":3,"11":3,"12":3,"13":3,"15":1,"16":1,"17":11,"18":3,"20":3,"21":3,"22":3,"23":3,"24":3,"26":1,"27":1,"28":11,"29":11,"30":11,"31":11,"32":11,"34":11,"35":11,"37":1,"38":1,"39":0,"40":0,"41":0,"43":1,"45":1,"47":1,"48":1,"49":10,"50":10,"51":1,"53":1},"branchMap":{"0":{"type":"branch","line":4,"loc":{"start":{"line":4,"column":17},"end":{"line":4,"column":65}},"locations":[{"start":{"line":4,"column":17},"end":{"line":4,"column":65}}]},"1":{"type":"branch","line":7,"loc":{"start":{"line":7,"column":22},"end":{"line":7,"column":74}},"locations":[{"start":{"line":7,"column":22},"end":{"line":7,"column":74}}]},"2":{"type":"branch","line":7,"loc":{"start":{"line":7,"column":48},"end":{"line":7,"column":66}},"locations":[{"start":{"line":7,"column":48},"end":{"line":7,"column":66}}]},"3":{"type":"branch","line":7,"loc":{"start":{"line":7,"column":67},"end":{"line":7,"column":73}},"locations":[{"start":{"line":7,"column":67},"end":{"line":7,"column":73}}]},"4":{"type":"branch","line":8,"loc":{"start":{"line":8,"column":18},"end":{"line":14,"column":2}},"locations":[{"start":{"line":8,"column":18},"end":{"line":14,"column":2}}]},"5":{"type":"branch","line":12,"loc":{"start":{"line":12,"column":24},"end":{"line":12,"column":62}},"locations":[{"start":{"line":12,"column":24},"end":{"line":12,"column":62}}]},"6":{"type":"branch","line":17,"loc":{"start":{"line":17,"column":27},"end":{"line":25,"column":2}},"locations":[{"start":{"line":17,"column":27},"end":{"line":25,"column":2}}]},"7":{"type":"branch","line":18,"loc":{"start":{"line":18,"column":14},"end":{"line":18,"column":41}},"locations":[{"start":{"line":18,"column":14},"end":{"line":18,"column":41}}]},"8":{"type":"branch","line":18,"loc":{"start":{"line":18,"column":43},"end":{"line":18,"column":50}},"locations":[{"start":{"line":18,"column":43},"end":{"line":18,"column":50}}]},"9":{"type":"branch","line":18,"loc":{"start":{"line":18,"column":49},"end":{"line":25,"column":2}},"locations":[{"start":{"line":18,"column":49},"end":{"line":25,"column":2}}]},"10":{"type":"branch","line":23,"loc":{"start":{"line":23,"column":30},"end":{"line":23,"column":55}},"locations":[{"start":{"line":23,"column":30},"end":{"line":23,"column":55}}]},"11":{"type":"branch","line":28,"loc":{"start":{"line":28,"column":25},"end":{"line":36,"column":2}},"locations":[{"start":{"line":28,"column":25},"end":{"line":36,"column":2}}]},"12":{"type":"branch","line":38,"loc":{"start":{"line":38,"column":19},"end":{"line":52,"column":2}},"locations":[{"start":{"line":38,"column":19},"end":{"line":52,"column":2}}]},"13":{"type":"branch","line":39,"loc":{"start":{"line":39,"column":24},"end":{"line":42,"column":5}},"locations":[{"start":{"line":39,"column":24},"end":{"line":42,"column":5}}]},"14":{"type":"branch","line":44,"loc":{"start":{"line":44,"column":35},"end":{"line":44,"column":40}},"locations":[{"start":{"line":44,"column":35},"end":{"line":44,"column":40}}]},"15":{"type":"branch","line":49,"loc":{"start":{"line":49,"column":28},"end":{"line":51,"column":5}},"locations":[{"start":{"line":49,"column":28},"end":{"line":51,"column":5}}]}},"b":{"0":[65],"1":[65],"2":[39],"3":[26],"4":[3],"5":[13],"6":[11],"7":[7],"8":[8],"9":[3],"10":[22],"11":[11],"12":[1],"13":[0],"14":[0],"15":[10]},"fnMap":{"0":{"name":"isNumber","decl":{"start":{"line":4,"column":17},"end":{"line":4,"column":65}},"loc":{"start":{"line":4,"column":17},"end":{"line":4,"column":65}},"line":4},"1":{"name":"parseDataCell","decl":{"start":{"line":7,"column":22},"end":{"line":7,"column":74}},"loc":{"start":{"line":7,"column":22},"end":{"line":7,"column":74}},"line":7},"2":{"name":"parseData","decl":{"start":{"line":8,"column":18},"end":{"line":14,"column":2}},"loc":{"start":{"line":8,"column":18},"end":{"line":14,"column":2}},"line":8},"3":{"name":"processData","decl":{"start":{"line":17,"column":27},"end":{"line":25,"column":2}},"loc":{"start":{"line":17,"column":27},"end":{"line":25,"column":2}},"line":17},"4":{"name":"prepareRenderRow","decl":{"start":{"line":28,"column":25},"end":{"line":36,"column":2}},"loc":{"start":{"line":28,"column":25},"end":{"line":36,"column":2}},"line":28},"5":{"name":"renderData","decl":{"start":{"line":38,"column":19},"end":{"line":52,"column":2}},"loc":{"start":{"line":38,"column":19},"end":{"line":52,"column":2}},"line":38}},"f":{"0":65,"1":65,"2":3,"3":11,"4":11,"5":1}}
}
